<?xml version="1.0" encoding="UTF-8"?>
<testng-results ignored="0" total="1" passed="1" failed="0" skipped="0">
  <reporter-output>
  </reporter-output>
  <suite started-at="2024-04-11T18:02:59 IST" name="InetBanking" finished-at="2024-04-11T18:03:12 IST" duration-ms="13097">
    <groups>
    </groups>
    <test started-at="2024-04-11T18:02:59 IST" name="Banking App Test" finished-at="2024-04-11T18:03:12 IST" duration-ms="13097">
      <class name="com.inetbanking.testCases.TC_LoginTest_001">
        <test-method is-config="true" signature="setUp(java.lang.String)[pri:0, instance:com.inetbanking.testCases.TC_LoginTest_001@222545dc]" started-at="2024-04-11T18:02:59 IST" name="setUp" finished-at="2024-04-11T18:03:08 IST" duration-ms="9208" status="PASS">
          <params>
            <param index="0">
              <value>
                <![CDATA[chrome]]>
              </value>
            </param>
          </params>
          <reporter-output>
          </reporter-output>
        </test-method> <!-- setUp -->
        <test-method signature="loginTest()[pri:0, instance:com.inetbanking.testCases.TC_LoginTest_001@222545dc]" started-at="2024-04-11T18:03:08 IST" name="loginTest" finished-at="2024-04-11T18:03:12 IST" duration-ms="3645" status="PASS">
          <reporter-output>
          </reporter-output>
        </test-method> <!-- loginTest -->
        <test-method is-config="true" signature="tearDown()[pri:0, instance:com.inetbanking.testCases.TC_LoginTest_001@222545dc]" started-at="2024-04-11T18:03:12 IST" name="tearDown" finished-at="2024-04-11T18:03:12 IST" duration-ms="94" status="PASS">
          <reporter-output>
          </reporter-output>
        </test-method> <!-- tearDown -->
      </class> <!-- com.inetbanking.testCases.TC_LoginTest_001 -->
    </test> <!-- Banking App Test -->
  </suite> <!-- InetBanking -->
</testng-results>
